<?xml version="1.0" encoding="UTF-8"?>
<testsuite name="com.gildedrose.GildedRoseTest" tests="21" skipped="0" failures="1" errors="0" timestamp="2023-10-11T07:48:50" hostname="PORTABLECESAR" time="0.145">
  <properties/>
  <testcase name="[ TEST 10 ] : Test de la ligne 74" classname="com.gildedrose.GildedRoseTest" time="0.021"/>
  <testcase name="[ TEST 11 ] : Test que l'élément ne passe pas dans les boucles qui rejettent son nom" classname="com.gildedrose.GildedRoseTest" time="0.005"/>
  <testcase name="[ TEST 12 ] : Test de condition sur les lignes 42 à 46" classname="com.gildedrose.GildedRoseTest" time="0.001"/>
  <testcase name="[ TEST 13 ] : Test de condition sur les lignes 28 à 30" classname="com.gildedrose.GildedRoseTest" time="0.001"/>
  <testcase name="[ TEST 14 ] : Test de condition sur les lignes 32 à 38" classname="com.gildedrose.GildedRoseTest" time="0.003"/>
  <testcase name="[ TEST 15 ] : Test de condition sur les lignes 42 à 46" classname="com.gildedrose.GildedRoseTest" time="0.002"/>
  <testcase name="[ TEST 16 ] Test de la classe Item.Java : Phrase retournée" classname="com.gildedrose.GildedRoseTest" time="0.016"/>
  <testcase name="TEST 17" classname="com.gildedrose.GildedRoseTest" time="0.001"/>
  <testcase name="TEST 18" classname="com.gildedrose.GildedRoseTest" time="0.001"/>
  <testcase name="TEST 19" classname="com.gildedrose.GildedRoseTest" time="0.001"/>
  <testcase name="TEST 20" classname="com.gildedrose.GildedRoseTest" time="0.001"/>
  <testcase name="TEST 21" classname="com.gildedrose.GildedRoseTest" time="0.0"/>
  <testcase name="TEST 1" classname="com.gildedrose.GildedRoseTest" time="0.0"/>
  <testcase name="TEST 2" classname="com.gildedrose.GildedRoseTest" time="0.001"/>
  <testcase name="[ TEST 3" classname="com.gildedrose.GildedRoseTest" time="0.001"/>
  <testcase name="[ TEST 4 ] : Test de qualité lignes 26 - 30" classname="com.gildedrose.GildedRoseTest" time="0.001"/>
  <testcase name="[ TEST 5 ] : Test de qualité des lignes 32 - 38" classname="com.gildedrose.GildedRoseTest" time="0.0"/>
  <testcase name="[ TEST 6 ] : Test de qualité meme en respectant pas la ligne 42" classname="com.gildedrose.GildedRoseTest" time="0.001"/>
  <testcase name="[ TEST 7 ] : Test des lignes 80-82" classname="com.gildedrose.GildedRoseTest" time="0.028">
    <failure message="org.opentest4j.AssertionFailedError: Sellin decreased ==&gt; expected: &lt;50&gt; but was: &lt;49&gt;" type="org.opentest4j.AssertionFailedError">org.opentest4j.AssertionFailedError: Sellin decreased ==&gt; expected: &lt;50&gt; but was: &lt;49&gt;
	at app//org.junit.jupiter.api.AssertionUtils.fail(AssertionUtils.java:54)
	at app//org.junit.jupiter.api.AssertEquals.failNotEqual(AssertEquals.java:195)
	at app//org.junit.jupiter.api.AssertEquals.assertEquals(AssertEquals.java:152)
	at app//org.junit.jupiter.api.Assertions.assertEquals(Assertions.java:334)
	at app//com.gildedrose.GildedRoseTest.test7(GildedRoseTest.java:70)
	at java.base@17.0.8.1/jdk.internal.reflect.NativeMethodAccessorImpl.invoke0(Native Method)
	at java.base@17.0.8.1/jdk.internal.reflect.NativeMethodAccessorImpl.invoke(NativeMethodAccessorImpl.java:77)
	at java.base@17.0.8.1/jdk.internal.reflect.DelegatingMethodAccessorImpl.invoke(DelegatingMethodAccessorImpl.java:43)
	at java.base@17.0.8.1/java.lang.reflect.Method.invoke(Method.java:568)
	at app//org.junit.platform.commons.util.ReflectionUtils.invokeMethod(ReflectionUtils.java:515)
	at app//org.junit.jupiter.engine.execution.ExecutableInvoker.invoke(ExecutableInvoker.java:115)
	at app//org.junit.jupiter.engine.descriptor.TestMethodTestDescriptor.lambda$invokeTestMethod$6(TestMethodTestDescriptor.java:171)
	at app//org.junit.platform.engine.support.hierarchical.ThrowableCollector.execute(ThrowableCollector.java:72)
	at app//org.junit.jupiter.engine.descriptor.TestMethodTestDescriptor.invokeTestMethod(TestMethodTestDescriptor.java:167)
	at app//org.junit.jupiter.engine.descriptor.TestMethodTestDescriptor.execute(TestMethodTestDescriptor.java:114)
	at app//org.junit.jupiter.engine.descriptor.TestMethodTestDescriptor.execute(TestMethodTestDescriptor.java:59)
	at app//org.junit.platform.engine.support.hierarchical.NodeTestTask.lambda$executeRecursively$5(NodeTestTask.java:105)
	at app//org.junit.platform.engine.support.hierarchical.ThrowableCollector.execute(ThrowableCollector.java:72)
	at app//org.junit.platform.engine.support.hierarchical.NodeTestTask.executeRecursively(NodeTestTask.java:95)
	at app//org.junit.platform.engine.support.hierarchical.NodeTestTask.execute(NodeTestTask.java:71)
	at java.base@17.0.8.1/java.util.ArrayList.forEach(ArrayList.java:1511)
	at app//org.junit.platform.engine.support.hierarchical.SameThreadHierarchicalTestExecutorService.invokeAll(SameThreadHierarchicalTestExecutorService.java:38)
	at app//org.junit.platform.engine.support.hierarchical.NodeTestTask.lambda$executeRecursively$5(NodeTestTask.java:110)
	at app//org.junit.platform.engine.support.hierarchical.ThrowableCollector.execute(ThrowableCollector.java:72)
	at app//org.junit.platform.engine.support.hierarchical.NodeTestTask.executeRecursively(NodeTestTask.java:95)
	at app//org.junit.platform.engine.support.hierarchical.NodeTestTask.execute(NodeTestTask.java:71)
	at java.base@17.0.8.1/java.util.ArrayList.forEach(ArrayList.java:1511)
	at app//org.junit.platform.engine.support.hierarchical.SameThreadHierarchicalTestExecutorService.invokeAll(SameThreadHierarchicalTestExecutorService.java:38)
	at app//org.junit.platform.engine.support.hierarchical.NodeTestTask.lambda$executeRecursively$5(NodeTestTask.java:110)
	at app//org.junit.platform.engine.support.hierarchical.ThrowableCollector.execute(ThrowableCollector.java:72)
	at app//org.junit.platform.engine.support.hierarchical.NodeTestTask.executeRecursively(NodeTestTask.java:95)
	at app//org.junit.platform.engine.support.hierarchical.NodeTestTask.execute(NodeTestTask.java:71)
	at app//org.junit.platform.engine.support.hierarchical.SameThreadHierarchicalTestExecutorService.submit(SameThreadHierarchicalTestExecutorService.java:32)
	at app//org.junit.platform.engine.support.hierarchical.HierarchicalTestExecutor.execute(HierarchicalTestExecutor.java:57)
	at app//org.junit.platform.engine.support.hierarchical.HierarchicalTestEngine.execute(HierarchicalTestEngine.java:51)
	at app//org.junit.platform.launcher.core.EngineExecutionOrchestrator.execute(EngineExecutionOrchestrator.java:107)
	at app//org.junit.platform.launcher.core.EngineExecutionOrchestrator.execute(EngineExecutionOrchestrator.java:88)
	at app//org.junit.platform.launcher.core.EngineExecutionOrchestrator.lambda$execute$0(EngineExecutionOrchestrator.java:54)
	at app//org.junit.platform.launcher.core.EngineExecutionOrchestrator.withInterceptedStreams(EngineExecutionOrchestrator.java:67)
	at app//org.junit.platform.launcher.core.EngineExecutionOrchestrator.execute(EngineExecutionOrchestrator.java:52)
	at app//org.junit.platform.launcher.core.DefaultLauncher.execute(DefaultLauncher.java:114)
	at app//org.junit.platform.launcher.core.DefaultLauncher.execute(DefaultLauncher.java:86)
	at app//org.junit.platform.launcher.core.DefaultLauncherSession$DelegatingLauncher.execute(DefaultLauncherSession.java:86)
	at org.gradle.api.internal.tasks.testing.junitplatform.JUnitPlatformTestClassProcessor$CollectAllTestClassesExecutor.processAllTestClasses(JUnitPlatformTestClassProcessor.java:118)
	at org.gradle.api.internal.tasks.testing.junitplatform.JUnitPlatformTestClassProcessor$CollectAllTestClassesExecutor.access$000(JUnitPlatformTestClassProcessor.java:93)
	at org.gradle.api.internal.tasks.testing.junitplatform.JUnitPlatformTestClassProcessor.stop(JUnitPlatformTestClassProcessor.java:88)
	at org.gradle.api.internal.tasks.testing.SuiteTestClassProcessor.stop(SuiteTestClassProcessor.java:62)
	at java.base@17.0.8.1/jdk.internal.reflect.NativeMethodAccessorImpl.invoke0(Native Method)
	at java.base@17.0.8.1/jdk.internal.reflect.NativeMethodAccessorImpl.invoke(NativeMethodAccessorImpl.java:77)
	at java.base@17.0.8.1/jdk.internal.reflect.DelegatingMethodAccessorImpl.invoke(DelegatingMethodAccessorImpl.java:43)
	at java.base@17.0.8.1/java.lang.reflect.Method.invoke(Method.java:568)
	at org.gradle.internal.dispatch.ReflectionDispatch.dispatch(ReflectionDispatch.java:36)
	at org.gradle.internal.dispatch.ReflectionDispatch.dispatch(ReflectionDispatch.java:24)
	at org.gradle.internal.dispatch.ContextClassLoaderDispatch.dispatch(ContextClassLoaderDispatch.java:33)
	at org.gradle.internal.dispatch.ProxyDispatchAdapter$DispatchingInvocationHandler.invoke(ProxyDispatchAdapter.java:94)
	at jdk.proxy2/jdk.proxy2.$Proxy5.stop(Unknown Source)
	at org.gradle.api.internal.tasks.testing.worker.TestWorker$3.run(TestWorker.java:193)
	at org.gradle.api.internal.tasks.testing.worker.TestWorker.executeAndMaintainThreadName(TestWorker.java:129)
	at org.gradle.api.internal.tasks.testing.worker.TestWorker.execute(TestWorker.java:100)
	at org.gradle.api.internal.tasks.testing.worker.TestWorker.execute(TestWorker.java:60)
	at org.gradle.process.internal.worker.child.ActionExecutionWorker.execute(ActionExecutionWorker.java:56)
	at org.gradle.process.internal.worker.child.SystemApplicationClassLoaderWorker.call(SystemApplicationClassLoaderWorker.java:113)
	at org.gradle.process.internal.worker.child.SystemApplicationClassLoaderWorker.call(SystemApplicationClassLoaderWorker.java:65)
	at app//worker.org.gradle.process.internal.worker.GradleWorkerMain.run(GradleWorkerMain.java:69)
	at app//worker.org.gradle.process.internal.worker.GradleWorkerMain.main(GradleWorkerMain.java:74)
</failure>
  </testcase>
  <testcase name="[ TEST 8 ] : Test des conditions Quality pour sulfuras( lignes 17 / 64)" classname="com.gildedrose.GildedRoseTest" time="0.001"/>
  <testcase name="[ TEST 9 ] : Test des lignes 66-68" classname="com.gildedrose.GildedRoseTest" time="0.001"/>
  <system-out><![CDATA[]]></system-out>
  <system-err><![CDATA[]]></system-err>
</testsuite>
